Determining if the pthread_create exist failed with the following output:
Change Dir: /home/root/catkin_ws/build/CMakeFiles/CMakeTmp

Run Build Command:"/usr/bin/make" "cmTC_33dbf/fast"
/usr/bin/make -f CMakeFiles/cmTC_33dbf.dir/build.make CMakeFiles/cmTC_33dbf.dir/build
make[1]: Entering directory '/home/root/catkin_ws/build/CMakeFiles/CMakeTmp'
Building C object CMakeFiles/cmTC_33dbf.dir/CheckSymbolExists.c.o
/usr/bin/cc    -o CMakeFiles/cmTC_33dbf.dir/CheckSymbolExists.c.o   -c /home/root/catkin_ws/build/CMakeFiles/CMakeTmp/CheckSymbolExists.c
Linking C executable cmTC_33dbf
/usr/bin/cmake -E cmake_link_script CMakeFiles/cmTC_33dbf.dir/link.txt --verbose=1
/usr/bin/cc      -rdynamic CMakeFiles/cmTC_33dbf.dir/CheckSymbolExists.c.o  -o cmTC_33dbf 
CMakeFiles/cmTC_33dbf.dir/CheckSymbolExists.c.o: In function `main':
CheckSymbolExists.c:(.text+0x1b): undefined reference to `pthread_create'
collect2: error: ld returned 1 exit status
CMakeFiles/cmTC_33dbf.dir/build.make:97: recipe for target 'cmTC_33dbf' failed
make[1]: *** [cmTC_33dbf] Error 1
make[1]: Leaving directory '/home/root/catkin_ws/build/CMakeFiles/CMakeTmp'
Makefile:126: recipe for target 'cmTC_33dbf/fast' failed
make: *** [cmTC_33dbf/fast] Error 2

File /home/root/catkin_ws/build/CMakeFiles/CMakeTmp/CheckSymbolExists.c:
/* */
#include <pthread.h>

int main(int argc, char** argv)
{
  (void)argv;
#ifndef pthread_create
  return ((int*)(&pthread_create))[argc];
#else
  (void)argc;
  return 0;
#endif
}

Determining if the function pthread_create exists in the pthreads failed with the following output:
Change Dir: /home/root/catkin_ws/build/CMakeFiles/CMakeTmp

Run Build Command:"/usr/bin/make" "cmTC_15d3f/fast"
/usr/bin/make -f CMakeFiles/cmTC_15d3f.dir/build.make CMakeFiles/cmTC_15d3f.dir/build
make[1]: Entering directory '/home/root/catkin_ws/build/CMakeFiles/CMakeTmp'
Building C object CMakeFiles/cmTC_15d3f.dir/CheckFunctionExists.c.o
/usr/bin/cc   -DCHECK_FUNCTION_EXISTS=pthread_create   -o CMakeFiles/cmTC_15d3f.dir/CheckFunctionExists.c.o   -c /usr/share/cmake-3.10/Modules/CheckFunctionExists.c
Linking C executable cmTC_15d3f
/usr/bin/cmake -E cmake_link_script CMakeFiles/cmTC_15d3f.dir/link.txt --verbose=1
/usr/bin/cc  -DCHECK_FUNCTION_EXISTS=pthread_create    -rdynamic CMakeFiles/cmTC_15d3f.dir/CheckFunctionExists.c.o  -o cmTC_15d3f -lpthreads 
/usr/bin/ld: cannot find -lpthreads
collect2: error: ld returned 1 exit status
CMakeFiles/cmTC_15d3f.dir/build.make:97: recipe for target 'cmTC_15d3f' failed
make[1]: *** [cmTC_15d3f] Error 1
make[1]: Leaving directory '/home/root/catkin_ws/build/CMakeFiles/CMakeTmp'
Makefile:126: recipe for target 'cmTC_15d3f/fast' failed
make: *** [cmTC_15d3f/fast] Error 2


Performing C SOURCE FILE Test CMAKE_HAVE_LIBC_PTHREAD failed with the following output:
Change Dir: /home/root/catkin_ws/build/CMakeFiles/CMakeTmp

Run Build Command(s):/usr/bin/make -f Makefile cmTC_6aa2b/fast && /usr/bin/make  -f CMakeFiles/cmTC_6aa2b.dir/build.make CMakeFiles/cmTC_6aa2b.dir/build
make[1]: Entering directory '/home/root/catkin_ws/build/CMakeFiles/CMakeTmp'
Building C object CMakeFiles/cmTC_6aa2b.dir/src.c.o
/usr/bin/cc -DCMAKE_HAVE_LIBC_PTHREAD   -o CMakeFiles/cmTC_6aa2b.dir/src.c.o -c /home/root/catkin_ws/build/CMakeFiles/CMakeTmp/src.c
Linking C executable cmTC_6aa2b
/usr/local/bin/cmake -E cmake_link_script CMakeFiles/cmTC_6aa2b.dir/link.txt --verbose=1
/usr/bin/cc -rdynamic CMakeFiles/cmTC_6aa2b.dir/src.c.o -o cmTC_6aa2b 
CMakeFiles/cmTC_6aa2b.dir/src.c.o: In function `main':
src.c:(.text+0x3e): undefined reference to `pthread_create'
src.c:(.text+0x4a): undefined reference to `pthread_detach'
src.c:(.text+0x56): undefined reference to `pthread_cancel'
src.c:(.text+0x67): undefined reference to `pthread_join'
src.c:(.text+0x7b): undefined reference to `pthread_atfork'
collect2: error: ld returned 1 exit status
CMakeFiles/cmTC_6aa2b.dir/build.make:98: recipe for target 'cmTC_6aa2b' failed
make[1]: *** [cmTC_6aa2b] Error 1
make[1]: Leaving directory '/home/root/catkin_ws/build/CMakeFiles/CMakeTmp'
Makefile:127: recipe for target 'cmTC_6aa2b/fast' failed
make: *** [cmTC_6aa2b/fast] Error 2


Source file was:
#include <pthread.h>

static void* test_func(void* data)
{
  return data;
}

int main(void)
{
  pthread_t thread;
  pthread_create(&thread, NULL, test_func, NULL);
  pthread_detach(thread);
  pthread_cancel(thread);
  pthread_join(thread, NULL);
  pthread_atfork(NULL, NULL, NULL);
  pthread_exit(NULL);

  return 0;
}

Determining if the CL_VERSION_2_0 exist failed with the following output:
Change Dir: /home/root/catkin_ws/build/CMakeFiles/CMakeTmp

Run Build Command(s):/usr/bin/make -f Makefile cmTC_1685e/fast && /usr/bin/make  -f CMakeFiles/cmTC_1685e.dir/build.make CMakeFiles/cmTC_1685e.dir/build
make[1]: Entering directory '/home/root/catkin_ws/build/CMakeFiles/CMakeTmp'
Building C object CMakeFiles/cmTC_1685e.dir/CheckSymbolExists.c.o
/usr/bin/cc    -o CMakeFiles/cmTC_1685e.dir/CheckSymbolExists.c.o -c /home/root/catkin_ws/build/CMakeFiles/CMakeTmp/CheckSymbolExists.c
/home/root/catkin_ws/build/CMakeFiles/CMakeTmp/CheckSymbolExists.c:2:10: fatal error: OpenCL_INCLUDE_DIR-NOTFOUND/CL/cl.h: No such file or directory
 #include <OpenCL_INCLUDE_DIR-NOTFOUND/CL/cl.h>
          ^~~~~~~~~~~~~~~~~~~~~~~~~~~~~~~~~~~~~
compilation terminated.
CMakeFiles/cmTC_1685e.dir/build.make:77: recipe for target 'CMakeFiles/cmTC_1685e.dir/CheckSymbolExists.c.o' failed
make[1]: *** [CMakeFiles/cmTC_1685e.dir/CheckSymbolExists.c.o] Error 1
make[1]: Leaving directory '/home/root/catkin_ws/build/CMakeFiles/CMakeTmp'
Makefile:127: recipe for target 'cmTC_1685e/fast' failed
make: *** [cmTC_1685e/fast] Error 2


File /home/root/catkin_ws/build/CMakeFiles/CMakeTmp/CheckSymbolExists.c:
/* */
#include <OpenCL_INCLUDE_DIR-NOTFOUND/CL/cl.h>

int main(int argc, char** argv)
{
  (void)argv;
#ifndef CL_VERSION_2_0
  return ((int*)(&CL_VERSION_2_0))[argc];
#else
  (void)argc;
  return 0;
#endif
}
Determining if the CL_VERSION_1_2 exist failed with the following output:
Change Dir: /home/root/catkin_ws/build/CMakeFiles/CMakeTmp

Run Build Command(s):/usr/bin/make -f Makefile cmTC_2d8d6/fast && /usr/bin/make  -f CMakeFiles/cmTC_2d8d6.dir/build.make CMakeFiles/cmTC_2d8d6.dir/build
make[1]: Entering directory '/home/root/catkin_ws/build/CMakeFiles/CMakeTmp'
Building C object CMakeFiles/cmTC_2d8d6.dir/CheckSymbolExists.c.o
/usr/bin/cc    -o CMakeFiles/cmTC_2d8d6.dir/CheckSymbolExists.c.o -c /home/root/catkin_ws/build/CMakeFiles/CMakeTmp/CheckSymbolExists.c
/home/root/catkin_ws/build/CMakeFiles/CMakeTmp/CheckSymbolExists.c:2:10: fatal error: OpenCL_INCLUDE_DIR-NOTFOUND/CL/cl.h: No such file or directory
 #include <OpenCL_INCLUDE_DIR-NOTFOUND/CL/cl.h>
          ^~~~~~~~~~~~~~~~~~~~~~~~~~~~~~~~~~~~~
compilation terminated.
CMakeFiles/cmTC_2d8d6.dir/build.make:77: recipe for target 'CMakeFiles/cmTC_2d8d6.dir/CheckSymbolExists.c.o' failed
make[1]: *** [CMakeFiles/cmTC_2d8d6.dir/CheckSymbolExists.c.o] Error 1
make[1]: Leaving directory '/home/root/catkin_ws/build/CMakeFiles/CMakeTmp'
Makefile:127: recipe for target 'cmTC_2d8d6/fast' failed
make: *** [cmTC_2d8d6/fast] Error 2


File /home/root/catkin_ws/build/CMakeFiles/CMakeTmp/CheckSymbolExists.c:
/* */
#include <OpenCL_INCLUDE_DIR-NOTFOUND/CL/cl.h>

int main(int argc, char** argv)
{
  (void)argv;
#ifndef CL_VERSION_1_2
  return ((int*)(&CL_VERSION_1_2))[argc];
#else
  (void)argc;
  return 0;
#endif
}
Determining if the CL_VERSION_1_1 exist failed with the following output:
Change Dir: /home/root/catkin_ws/build/CMakeFiles/CMakeTmp

Run Build Command(s):/usr/bin/make -f Makefile cmTC_8bfac/fast && /usr/bin/make  -f CMakeFiles/cmTC_8bfac.dir/build.make CMakeFiles/cmTC_8bfac.dir/build
make[1]: Entering directory '/home/root/catkin_ws/build/CMakeFiles/CMakeTmp'
Building C object CMakeFiles/cmTC_8bfac.dir/CheckSymbolExists.c.o
/usr/bin/cc    -o CMakeFiles/cmTC_8bfac.dir/CheckSymbolExists.c.o -c /home/root/catkin_ws/build/CMakeFiles/CMakeTmp/CheckSymbolExists.c
/home/root/catkin_ws/build/CMakeFiles/CMakeTmp/CheckSymbolExists.c:2:10: fatal error: OpenCL_INCLUDE_DIR-NOTFOUND/CL/cl.h: No such file or directory
 #include <OpenCL_INCLUDE_DIR-NOTFOUND/CL/cl.h>
          ^~~~~~~~~~~~~~~~~~~~~~~~~~~~~~~~~~~~~
compilation terminated.
CMakeFiles/cmTC_8bfac.dir/build.make:77: recipe for target 'CMakeFiles/cmTC_8bfac.dir/CheckSymbolExists.c.o' failed
make[1]: *** [CMakeFiles/cmTC_8bfac.dir/CheckSymbolExists.c.o] Error 1
make[1]: Leaving directory '/home/root/catkin_ws/build/CMakeFiles/CMakeTmp'
Makefile:127: recipe for target 'cmTC_8bfac/fast' failed
make: *** [cmTC_8bfac/fast] Error 2


File /home/root/catkin_ws/build/CMakeFiles/CMakeTmp/CheckSymbolExists.c:
/* */
#include <OpenCL_INCLUDE_DIR-NOTFOUND/CL/cl.h>

int main(int argc, char** argv)
{
  (void)argv;
#ifndef CL_VERSION_1_1
  return ((int*)(&CL_VERSION_1_1))[argc];
#else
  (void)argc;
  return 0;
#endif
}
Determining if the CL_VERSION_1_0 exist failed with the following output:
Change Dir: /home/root/catkin_ws/build/CMakeFiles/CMakeTmp

Run Build Command(s):/usr/bin/make -f Makefile cmTC_dca2d/fast && /usr/bin/make  -f CMakeFiles/cmTC_dca2d.dir/build.make CMakeFiles/cmTC_dca2d.dir/build
make[1]: Entering directory '/home/root/catkin_ws/build/CMakeFiles/CMakeTmp'
Building C object CMakeFiles/cmTC_dca2d.dir/CheckSymbolExists.c.o
/usr/bin/cc    -o CMakeFiles/cmTC_dca2d.dir/CheckSymbolExists.c.o -c /home/root/catkin_ws/build/CMakeFiles/CMakeTmp/CheckSymbolExists.c
/home/root/catkin_ws/build/CMakeFiles/CMakeTmp/CheckSymbolExists.c:2:10: fatal error: OpenCL_INCLUDE_DIR-NOTFOUND/CL/cl.h: No such file or directory
 #include <OpenCL_INCLUDE_DIR-NOTFOUND/CL/cl.h>
          ^~~~~~~~~~~~~~~~~~~~~~~~~~~~~~~~~~~~~
compilation terminated.
CMakeFiles/cmTC_dca2d.dir/build.make:77: recipe for target 'CMakeFiles/cmTC_dca2d.dir/CheckSymbolExists.c.o' failed
make[1]: *** [CMakeFiles/cmTC_dca2d.dir/CheckSymbolExists.c.o] Error 1
make[1]: Leaving directory '/home/root/catkin_ws/build/CMakeFiles/CMakeTmp'
Makefile:127: recipe for target 'cmTC_dca2d/fast' failed
make: *** [cmTC_dca2d/fast] Error 2


File /home/root/catkin_ws/build/CMakeFiles/CMakeTmp/CheckSymbolExists.c:
/* */
#include <OpenCL_INCLUDE_DIR-NOTFOUND/CL/cl.h>

int main(int argc, char** argv)
{
  (void)argv;
#ifndef CL_VERSION_1_0
  return ((int*)(&CL_VERSION_1_0))[argc];
#else
  (void)argc;
  return 0;
#endif
}
